2023-07-04 20:12:37,778 INFO [http-nio-63110-exec-1][DirectJDKLog.java:173] - Initializing Spring DispatcherServlet 'dispatcherServlet'
2023-07-04 20:12:37,778 INFO [http-nio-63110-exec-1][DirectJDKLog.java:173] - Initializing Spring DispatcherServlet 'dispatcherServlet'
2023-07-04 20:12:37,785 INFO [http-nio-63110-exec-1][FrameworkServlet.java:525] - Initializing Servlet 'dispatcherServlet'
2023-07-04 20:12:37,785 INFO [http-nio-63110-exec-1][FrameworkServlet.java:525] - Initializing Servlet 'dispatcherServlet'
2023-07-04 20:12:37,823 INFO [http-nio-63110-exec-1][FrameworkServlet.java:547] - Completed initialization in 38 ms
2023-07-04 20:12:37,823 INFO [http-nio-63110-exec-1][FrameworkServlet.java:547] - Completed initialization in 38 ms
2023-07-04 20:12:37,975 DEBUG [http-nio-63110-exec-1][HikariConfig.java:1066] - HikariPool-1 - configuration:
2023-07-04 20:12:37,975 DEBUG [http-nio-63110-exec-1][HikariConfig.java:1066] - HikariPool-1 - configuration:
2023-07-04 20:12:37,977 DEBUG [http-nio-63110-exec-1][HikariConfig.java:1098] - allowPoolSuspension.............false
2023-07-04 20:12:37,977 DEBUG [http-nio-63110-exec-1][HikariConfig.java:1098] - allowPoolSuspension.............false
2023-07-04 20:12:37,977 DEBUG [http-nio-63110-exec-1][HikariConfig.java:1098] - autoCommit......................true
2023-07-04 20:12:37,977 DEBUG [http-nio-63110-exec-1][HikariConfig.java:1098] - autoCommit......................true
2023-07-04 20:12:37,977 DEBUG [http-nio-63110-exec-1][HikariConfig.java:1098] - catalog.........................none
2023-07-04 20:12:37,977 DEBUG [http-nio-63110-exec-1][HikariConfig.java:1098] - catalog.........................none
2023-07-04 20:12:37,977 DEBUG [http-nio-63110-exec-1][HikariConfig.java:1098] - connectionInitSql...............none
2023-07-04 20:12:37,977 DEBUG [http-nio-63110-exec-1][HikariConfig.java:1098] - connectionInitSql...............none
2023-07-04 20:12:37,977 DEBUG [http-nio-63110-exec-1][HikariConfig.java:1098] - connectionTestQuery.............none
2023-07-04 20:12:37,977 DEBUG [http-nio-63110-exec-1][HikariConfig.java:1098] - connectionTestQuery.............none
2023-07-04 20:12:37,978 DEBUG [http-nio-63110-exec-1][HikariConfig.java:1098] - connectionTimeout...............30000
2023-07-04 20:12:37,978 DEBUG [http-nio-63110-exec-1][HikariConfig.java:1098] - connectionTimeout...............30000
2023-07-04 20:12:37,978 DEBUG [http-nio-63110-exec-1][HikariConfig.java:1098] - dataSource......................none
2023-07-04 20:12:37,978 DEBUG [http-nio-63110-exec-1][HikariConfig.java:1098] - dataSource......................none
2023-07-04 20:12:37,978 DEBUG [http-nio-63110-exec-1][HikariConfig.java:1098] - dataSourceClassName.............none
2023-07-04 20:12:37,978 DEBUG [http-nio-63110-exec-1][HikariConfig.java:1098] - dataSourceClassName.............none
2023-07-04 20:12:37,978 DEBUG [http-nio-63110-exec-1][HikariConfig.java:1098] - dataSourceJNDI..................none
2023-07-04 20:12:37,978 DEBUG [http-nio-63110-exec-1][HikariConfig.java:1098] - dataSourceJNDI..................none
2023-07-04 20:12:37,979 DEBUG [http-nio-63110-exec-1][HikariConfig.java:1098] - dataSourceProperties............{password=<masked>}
2023-07-04 20:12:37,979 DEBUG [http-nio-63110-exec-1][HikariConfig.java:1098] - dataSourceProperties............{password=<masked>}
2023-07-04 20:12:37,979 DEBUG [http-nio-63110-exec-1][HikariConfig.java:1098] - driverClassName................."com.mysql.cj.jdbc.Driver"
2023-07-04 20:12:37,979 DEBUG [http-nio-63110-exec-1][HikariConfig.java:1098] - driverClassName................."com.mysql.cj.jdbc.Driver"
2023-07-04 20:12:37,979 DEBUG [http-nio-63110-exec-1][HikariConfig.java:1098] - exceptionOverrideClassName......none
2023-07-04 20:12:37,979 DEBUG [http-nio-63110-exec-1][HikariConfig.java:1098] - exceptionOverrideClassName......none
2023-07-04 20:12:37,980 DEBUG [http-nio-63110-exec-1][HikariConfig.java:1098] - healthCheckProperties...........{}
2023-07-04 20:12:37,980 DEBUG [http-nio-63110-exec-1][HikariConfig.java:1098] - healthCheckProperties...........{}
2023-07-04 20:12:37,980 DEBUG [http-nio-63110-exec-1][HikariConfig.java:1098] - healthCheckRegistry.............none
2023-07-04 20:12:37,980 DEBUG [http-nio-63110-exec-1][HikariConfig.java:1098] - healthCheckRegistry.............none
2023-07-04 20:12:37,980 DEBUG [http-nio-63110-exec-1][HikariConfig.java:1098] - idleTimeout.....................600000
2023-07-04 20:12:37,980 DEBUG [http-nio-63110-exec-1][HikariConfig.java:1098] - idleTimeout.....................600000
2023-07-04 20:12:37,980 DEBUG [http-nio-63110-exec-1][HikariConfig.java:1098] - initializationFailTimeout.......1
2023-07-04 20:12:37,980 DEBUG [http-nio-63110-exec-1][HikariConfig.java:1098] - initializationFailTimeout.......1
2023-07-04 20:12:37,980 DEBUG [http-nio-63110-exec-1][HikariConfig.java:1098] - isolateInternalQueries..........false
2023-07-04 20:12:37,980 DEBUG [http-nio-63110-exec-1][HikariConfig.java:1098] - isolateInternalQueries..........false
2023-07-04 20:12:37,980 DEBUG [http-nio-63110-exec-1][HikariConfig.java:1098] - jdbcUrl.........................jdbc:mysql://192.168.101.65:3306/xcplus_system?serverTimezone=UTC&userUnicode=true&useSSL=false&
2023-07-04 20:12:37,980 DEBUG [http-nio-63110-exec-1][HikariConfig.java:1098] - jdbcUrl.........................jdbc:mysql://192.168.101.65:3306/xcplus_system?serverTimezone=UTC&userUnicode=true&useSSL=false&
2023-07-04 20:12:37,980 DEBUG [http-nio-63110-exec-1][HikariConfig.java:1098] - leakDetectionThreshold..........0
2023-07-04 20:12:37,980 DEBUG [http-nio-63110-exec-1][HikariConfig.java:1098] - leakDetectionThreshold..........0
2023-07-04 20:12:37,981 DEBUG [http-nio-63110-exec-1][HikariConfig.java:1098] - maxLifetime.....................1800000
2023-07-04 20:12:37,981 DEBUG [http-nio-63110-exec-1][HikariConfig.java:1098] - maxLifetime.....................1800000
2023-07-04 20:12:37,981 DEBUG [http-nio-63110-exec-1][HikariConfig.java:1098] - maximumPoolSize.................10
2023-07-04 20:12:37,981 DEBUG [http-nio-63110-exec-1][HikariConfig.java:1098] - maximumPoolSize.................10
2023-07-04 20:12:37,981 DEBUG [http-nio-63110-exec-1][HikariConfig.java:1098] - metricRegistry..................none
2023-07-04 20:12:37,981 DEBUG [http-nio-63110-exec-1][HikariConfig.java:1098] - metricRegistry..................none
2023-07-04 20:12:37,981 DEBUG [http-nio-63110-exec-1][HikariConfig.java:1098] - metricsTrackerFactory...........none
2023-07-04 20:12:37,981 DEBUG [http-nio-63110-exec-1][HikariConfig.java:1098] - metricsTrackerFactory...........none
2023-07-04 20:12:37,981 DEBUG [http-nio-63110-exec-1][HikariConfig.java:1098] - minimumIdle.....................10
2023-07-04 20:12:37,981 DEBUG [http-nio-63110-exec-1][HikariConfig.java:1098] - minimumIdle.....................10
2023-07-04 20:12:37,981 DEBUG [http-nio-63110-exec-1][HikariConfig.java:1098] - password........................<masked>
2023-07-04 20:12:37,981 DEBUG [http-nio-63110-exec-1][HikariConfig.java:1098] - password........................<masked>
2023-07-04 20:12:37,981 DEBUG [http-nio-63110-exec-1][HikariConfig.java:1098] - poolName........................"HikariPool-1"
2023-07-04 20:12:37,981 DEBUG [http-nio-63110-exec-1][HikariConfig.java:1098] - poolName........................"HikariPool-1"
2023-07-04 20:12:37,982 DEBUG [http-nio-63110-exec-1][HikariConfig.java:1098] - readOnly........................false
2023-07-04 20:12:37,982 DEBUG [http-nio-63110-exec-1][HikariConfig.java:1098] - readOnly........................false
2023-07-04 20:12:37,982 DEBUG [http-nio-63110-exec-1][HikariConfig.java:1098] - registerMbeans..................false
2023-07-04 20:12:37,982 DEBUG [http-nio-63110-exec-1][HikariConfig.java:1098] - registerMbeans..................false
2023-07-04 20:12:37,982 DEBUG [http-nio-63110-exec-1][HikariConfig.java:1098] - scheduledExecutor...............none
2023-07-04 20:12:37,982 DEBUG [http-nio-63110-exec-1][HikariConfig.java:1098] - scheduledExecutor...............none
2023-07-04 20:12:37,982 DEBUG [http-nio-63110-exec-1][HikariConfig.java:1098] - schema..........................none
2023-07-04 20:12:37,982 DEBUG [http-nio-63110-exec-1][HikariConfig.java:1098] - schema..........................none
2023-07-04 20:12:37,982 DEBUG [http-nio-63110-exec-1][HikariConfig.java:1098] - threadFactory...................internal
2023-07-04 20:12:37,982 DEBUG [http-nio-63110-exec-1][HikariConfig.java:1098] - threadFactory...................internal
2023-07-04 20:12:37,982 DEBUG [http-nio-63110-exec-1][HikariConfig.java:1098] - transactionIsolation............default
2023-07-04 20:12:37,982 DEBUG [http-nio-63110-exec-1][HikariConfig.java:1098] - transactionIsolation............default
2023-07-04 20:12:37,982 DEBUG [http-nio-63110-exec-1][HikariConfig.java:1098] - username........................"root"
2023-07-04 20:12:37,982 DEBUG [http-nio-63110-exec-1][HikariConfig.java:1098] - username........................"root"
2023-07-04 20:12:37,982 DEBUG [http-nio-63110-exec-1][HikariConfig.java:1098] - validationTimeout...............5000
2023-07-04 20:12:37,982 DEBUG [http-nio-63110-exec-1][HikariConfig.java:1098] - validationTimeout...............5000
2023-07-04 20:12:37,983 INFO [http-nio-63110-exec-1][HikariDataSource.java:110] - HikariPool-1 - Starting...
2023-07-04 20:12:37,983 INFO [http-nio-63110-exec-1][HikariDataSource.java:110] - HikariPool-1 - Starting...
2023-07-04 20:12:38,131 DEBUG [http-nio-63110-exec-1][HikariPool.java:564] - HikariPool-1 - Added connection com.mysql.cj.jdbc.ConnectionImpl@1593547e
2023-07-04 20:12:38,131 DEBUG [http-nio-63110-exec-1][HikariPool.java:564] - HikariPool-1 - Added connection com.mysql.cj.jdbc.ConnectionImpl@1593547e
2023-07-04 20:12:38,162 INFO [http-nio-63110-exec-1][HikariDataSource.java:123] - HikariPool-1 - Start completed.
2023-07-04 20:12:38,162 INFO [http-nio-63110-exec-1][HikariDataSource.java:123] - HikariPool-1 - Start completed.
2023-07-04 20:12:38,201 DEBUG [http-nio-63110-exec-1][BaseJdbcLogger.java:137] - ==>  Preparing: SELECT id,name,code,item_values FROM dictionary
2023-07-04 20:12:38,201 DEBUG [http-nio-63110-exec-1][BaseJdbcLogger.java:137] - ==>  Preparing: SELECT id,name,code,item_values FROM dictionary
2023-07-04 20:12:38,260 DEBUG [http-nio-63110-exec-1][BaseJdbcLogger.java:137] - ==> Parameters: 
2023-07-04 20:12:38,260 DEBUG [http-nio-63110-exec-1][BaseJdbcLogger.java:137] - ==> Parameters: 
2023-07-04 20:12:38,264 DEBUG [HikariPool-1 housekeeper][HikariPool.java:421] - HikariPool-1 - Pool stats (total=1, active=1, idle=0, waiting=0)
2023-07-04 20:12:38,264 DEBUG [HikariPool-1 housekeeper][HikariPool.java:421] - HikariPool-1 - Pool stats (total=1, active=1, idle=0, waiting=0)
2023-07-04 20:12:38,269 DEBUG [HikariPool-1 connection adder][HikariPool.java:728] - HikariPool-1 - Added connection com.mysql.cj.jdbc.ConnectionImpl@2232c677
2023-07-04 20:12:38,269 DEBUG [HikariPool-1 connection adder][HikariPool.java:728] - HikariPool-1 - Added connection com.mysql.cj.jdbc.ConnectionImpl@2232c677
2023-07-04 20:12:38,273 DEBUG [HikariPool-1 connection adder][HikariPool.java:728] - HikariPool-1 - Added connection com.mysql.cj.jdbc.ConnectionImpl@630fcc4c
2023-07-04 20:12:38,273 DEBUG [HikariPool-1 connection adder][HikariPool.java:728] - HikariPool-1 - Added connection com.mysql.cj.jdbc.ConnectionImpl@630fcc4c
2023-07-04 20:12:38,277 DEBUG [HikariPool-1 connection adder][HikariPool.java:728] - HikariPool-1 - Added connection com.mysql.cj.jdbc.ConnectionImpl@52a64f9a
2023-07-04 20:12:38,277 DEBUG [HikariPool-1 connection adder][HikariPool.java:728] - HikariPool-1 - Added connection com.mysql.cj.jdbc.ConnectionImpl@52a64f9a
2023-07-04 20:12:38,282 DEBUG [HikariPool-1 connection adder][HikariPool.java:728] - HikariPool-1 - Added connection com.mysql.cj.jdbc.ConnectionImpl@3203303
2023-07-04 20:12:38,282 DEBUG [HikariPool-1 connection adder][HikariPool.java:728] - HikariPool-1 - Added connection com.mysql.cj.jdbc.ConnectionImpl@3203303
2023-07-04 20:12:38,287 DEBUG [HikariPool-1 connection adder][HikariPool.java:728] - HikariPool-1 - Added connection com.mysql.cj.jdbc.ConnectionImpl@1c142c82
2023-07-04 20:12:38,287 DEBUG [HikariPool-1 connection adder][HikariPool.java:728] - HikariPool-1 - Added connection com.mysql.cj.jdbc.ConnectionImpl@1c142c82
2023-07-04 20:12:38,291 DEBUG [HikariPool-1 connection adder][HikariPool.java:728] - HikariPool-1 - Added connection com.mysql.cj.jdbc.ConnectionImpl@76e4c82
2023-07-04 20:12:38,291 DEBUG [HikariPool-1 connection adder][HikariPool.java:728] - HikariPool-1 - Added connection com.mysql.cj.jdbc.ConnectionImpl@76e4c82
2023-07-04 20:12:38,295 DEBUG [HikariPool-1 connection adder][HikariPool.java:728] - HikariPool-1 - Added connection com.mysql.cj.jdbc.ConnectionImpl@163d0cd3
2023-07-04 20:12:38,295 DEBUG [HikariPool-1 connection adder][HikariPool.java:728] - HikariPool-1 - Added connection com.mysql.cj.jdbc.ConnectionImpl@163d0cd3
2023-07-04 20:12:38,300 DEBUG [HikariPool-1 connection adder][HikariPool.java:728] - HikariPool-1 - Added connection com.mysql.cj.jdbc.ConnectionImpl@16ece355
2023-07-04 20:12:38,300 DEBUG [HikariPool-1 connection adder][HikariPool.java:728] - HikariPool-1 - Added connection com.mysql.cj.jdbc.ConnectionImpl@16ece355
2023-07-04 20:12:38,304 DEBUG [HikariPool-1 connection adder][HikariPool.java:728] - HikariPool-1 - Added connection com.mysql.cj.jdbc.ConnectionImpl@4a10fa5a
2023-07-04 20:12:38,304 DEBUG [HikariPool-1 connection adder][HikariPool.java:728] - HikariPool-1 - Added connection com.mysql.cj.jdbc.ConnectionImpl@4a10fa5a
2023-07-04 20:12:38,304 DEBUG [HikariPool-1 connection adder][HikariPool.java:421] - HikariPool-1 - After adding stats (total=10, active=1, idle=9, waiting=0)
2023-07-04 20:12:38,304 DEBUG [HikariPool-1 connection adder][HikariPool.java:421] - HikariPool-1 - After adding stats (total=10, active=1, idle=9, waiting=0)
2023-07-04 20:12:38,316 DEBUG [http-nio-63110-exec-1][BaseJdbcLogger.java:137] - <==      Total: 17
2023-07-04 20:12:38,316 DEBUG [http-nio-63110-exec-1][BaseJdbcLogger.java:137] - <==      Total: 17
