2023-07-04 19:19:01,498 DEBUG [background-preinit][LoggerProviders.java:152] - Logging Provider: org.jboss.logging.Log4j2LoggerProvider
2023-07-04 19:19:01,498 DEBUG [background-preinit][LoggerProviders.java:152] - Logging Provider: org.jboss.logging.Log4j2LoggerProvider
2023-07-04 19:19:01,520 INFO [background-preinit][Version.java:21] - HV000001: Hibernate Validator 6.1.6.Final
2023-07-04 19:19:01,520 INFO [background-preinit][Version.java:21] - HV000001: Hibernate Validator 6.1.6.Final
2023-07-04 19:19:01,527 DEBUG [background-preinit][ValidationXmlParser.java:120] - Trying to load META-INF/validation.xml for XML based Validator configuration.
2023-07-04 19:19:01,527 DEBUG [background-preinit][ValidationXmlParser.java:120] - Trying to load META-INF/validation.xml for XML based Validator configuration.
2023-07-04 19:19:01,529 DEBUG [background-preinit][ResourceLoaderHelper.java:60] - Trying to load META-INF/validation.xml via TCCL
2023-07-04 19:19:01,529 DEBUG [background-preinit][ResourceLoaderHelper.java:60] - Trying to load META-INF/validation.xml via TCCL
2023-07-04 19:19:01,529 DEBUG [background-preinit][ResourceLoaderHelper.java:66] - Trying to load META-INF/validation.xml via Hibernate Validator's class loader
2023-07-04 19:19:01,529 DEBUG [background-preinit][ResourceLoaderHelper.java:66] - Trying to load META-INF/validation.xml via Hibernate Validator's class loader
2023-07-04 19:19:01,530 DEBUG [background-preinit][ValidationXmlParser.java:127] - No META-INF/validation.xml found. Using annotation based configuration only.
2023-07-04 19:19:01,530 DEBUG [background-preinit][ValidationXmlParser.java:127] - No META-INF/validation.xml found. Using annotation based configuration only.
2023-07-04 19:19:01,534 DEBUG [background-preinit][TraversableResolvers.java:60] - Cannot find javax.persistence.Persistence on classpath. Assuming non JPA 2 environment. All properties will per default be traversable.
2023-07-04 19:19:01,534 DEBUG [background-preinit][TraversableResolvers.java:60] - Cannot find javax.persistence.Persistence on classpath. Assuming non JPA 2 environment. All properties will per default be traversable.
2023-07-04 19:19:01,555 DEBUG [background-preinit][ResourceBundleMessageInterpolator.java:172] - Loaded expression factory via original TCCL
2023-07-04 19:19:01,555 DEBUG [background-preinit][ResourceBundleMessageInterpolator.java:172] - Loaded expression factory via original TCCL
2023-07-04 19:19:01,719 DEBUG [background-preinit][ValidatorFactoryConfigurationHelper.java:300] - HV000252: Using org.hibernate.validator.internal.engine.DefaultPropertyNodeNameProvider as property node name provider.
2023-07-04 19:19:01,719 DEBUG [background-preinit][ValidatorFactoryConfigurationHelper.java:300] - HV000252: Using org.hibernate.validator.internal.engine.DefaultPropertyNodeNameProvider as property node name provider.
2023-07-04 19:19:01,724 DEBUG [background-preinit][ValidatorFactoryConfigurationHelper.java:375] - HV000234: Using org.hibernate.validator.messageinterpolation.ResourceBundleMessageInterpolator as ValidatorFactory-scoped message interpolator.
2023-07-04 19:19:01,724 DEBUG [background-preinit][ValidatorFactoryConfigurationHelper.java:375] - HV000234: Using org.hibernate.validator.messageinterpolation.ResourceBundleMessageInterpolator as ValidatorFactory-scoped message interpolator.
2023-07-04 19:19:01,725 DEBUG [background-preinit][ValidatorFactoryConfigurationHelper.java:376] - HV000234: Using org.hibernate.validator.internal.engine.resolver.TraverseAllTraversableResolver as ValidatorFactory-scoped traversable resolver.
2023-07-04 19:19:01,725 DEBUG [background-preinit][ValidatorFactoryConfigurationHelper.java:377] - HV000234: Using org.hibernate.validator.internal.util.ExecutableParameterNameProvider as ValidatorFactory-scoped parameter name provider.
2023-07-04 19:19:01,725 DEBUG [background-preinit][ValidatorFactoryConfigurationHelper.java:376] - HV000234: Using org.hibernate.validator.internal.engine.resolver.TraverseAllTraversableResolver as ValidatorFactory-scoped traversable resolver.
2023-07-04 19:19:01,725 DEBUG [background-preinit][ValidatorFactoryConfigurationHelper.java:377] - HV000234: Using org.hibernate.validator.internal.util.ExecutableParameterNameProvider as ValidatorFactory-scoped parameter name provider.
2023-07-04 19:19:01,725 DEBUG [background-preinit][ValidatorFactoryConfigurationHelper.java:378] - HV000234: Using org.hibernate.validator.internal.engine.DefaultClockProvider as ValidatorFactory-scoped clock provider.
2023-07-04 19:19:01,725 DEBUG [background-preinit][ValidatorFactoryConfigurationHelper.java:378] - HV000234: Using org.hibernate.validator.internal.engine.DefaultClockProvider as ValidatorFactory-scoped clock provider.
2023-07-04 19:19:01,726 DEBUG [background-preinit][ValidatorFactoryConfigurationHelper.java:379] - HV000234: Using org.hibernate.validator.internal.engine.scripting.DefaultScriptEvaluatorFactory as ValidatorFactory-scoped script evaluator factory.
2023-07-04 19:19:01,726 DEBUG [background-preinit][ValidatorFactoryConfigurationHelper.java:379] - HV000234: Using org.hibernate.validator.internal.engine.scripting.DefaultScriptEvaluatorFactory as ValidatorFactory-scoped script evaluator factory.
2023-07-04 19:19:01,912 INFO [main][SpringApplication.java:651] - No active profile set, falling back to default profiles: default
2023-07-04 19:19:01,912 INFO [main][SpringApplication.java:651] - No active profile set, falling back to default profiles: default
2023-07-04 19:19:02,455 DEBUG [main][LogFactory.java:105] - Logging initialized using 'class org.apache.ibatis.logging.slf4j.Slf4jImpl' adapter.
2023-07-04 19:19:02,455 DEBUG [main][LogFactory.java:105] - Logging initialized using 'class org.apache.ibatis.logging.slf4j.Slf4jImpl' adapter.
2023-07-04 19:19:02,520 INFO [main][GenericScope.java:295] - BeanFactory id=b2c94cc8-e298-3250-af99-d0e8a737d81d
2023-07-04 19:19:02,520 INFO [main][GenericScope.java:295] - BeanFactory id=b2c94cc8-e298-3250-af99-d0e8a737d81d
2023-07-04 19:19:02,768 INFO [main][TomcatWebServer.java:108] - Tomcat initialized with port(s): 63110 (http)
2023-07-04 19:19:02,768 INFO [main][TomcatWebServer.java:108] - Tomcat initialized with port(s): 63110 (http)
2023-07-04 19:19:02,776 INFO [main][DirectJDKLog.java:173] - Initializing ProtocolHandler ["http-nio-63110"]
2023-07-04 19:19:02,776 INFO [main][DirectJDKLog.java:173] - Initializing ProtocolHandler ["http-nio-63110"]
2023-07-04 19:19:02,776 INFO [main][DirectJDKLog.java:173] - Starting service [Tomcat]
2023-07-04 19:19:02,776 INFO [main][DirectJDKLog.java:173] - Starting service [Tomcat]
2023-07-04 19:19:02,777 INFO [main][DirectJDKLog.java:173] - Starting Servlet engine: [Apache Tomcat/9.0.41]
2023-07-04 19:19:02,777 INFO [main][DirectJDKLog.java:173] - Starting Servlet engine: [Apache Tomcat/9.0.41]
2023-07-04 19:19:02,778 INFO [main][DirectJDKLog.java:173] - Loaded Apache Tomcat Native library [1.2.31] using APR version [1.7.0].
2023-07-04 19:19:02,778 INFO [main][DirectJDKLog.java:173] - Loaded Apache Tomcat Native library [1.2.31] using APR version [1.7.0].
2023-07-04 19:19:02,778 INFO [main][DirectJDKLog.java:173] - APR capabilities: IPv6 [true], sendfile [true], accept filters [false], random [true].
2023-07-04 19:19:02,778 INFO [main][DirectJDKLog.java:173] - APR capabilities: IPv6 [true], sendfile [true], accept filters [false], random [true].
2023-07-04 19:19:02,779 INFO [main][DirectJDKLog.java:173] - APR/OpenSSL configuration: useAprConnector [false], useOpenSSL [true]
2023-07-04 19:19:02,779 INFO [main][DirectJDKLog.java:173] - APR/OpenSSL configuration: useAprConnector [false], useOpenSSL [true]
2023-07-04 19:19:02,782 INFO [main][DirectJDKLog.java:173] - OpenSSL successfully initialized [OpenSSL 1.1.1l  24 Aug 2021]
2023-07-04 19:19:02,782 INFO [main][DirectJDKLog.java:173] - OpenSSL successfully initialized [OpenSSL 1.1.1l  24 Aug 2021]
2023-07-04 19:19:02,862 INFO [main][DirectJDKLog.java:173] - Initializing Spring embedded WebApplicationContext
2023-07-04 19:19:02,862 INFO [main][DirectJDKLog.java:173] - Initializing Spring embedded WebApplicationContext
2023-07-04 19:19:02,862 INFO [main][ServletWebServerApplicationContext.java:285] - Root WebApplicationContext: initialization completed in 935 ms
2023-07-04 19:19:02,862 INFO [main][ServletWebServerApplicationContext.java:285] - Root WebApplicationContext: initialization completed in 935 ms
2023-07-04 19:19:02,992 DEBUG [main][HikariConfig.java:946] - Driver class com.mysql.cj.jdbc.Driver found in Thread context class loader sun.misc.Launcher$AppClassLoader@18b4aac2
2023-07-04 19:19:02,992 DEBUG [main][HikariConfig.java:946] - Driver class com.mysql.cj.jdbc.Driver found in Thread context class loader sun.misc.Launcher$AppClassLoader@18b4aac2
2023-07-04 19:19:03,035 DEBUG [main][Logger.java:49] - Registered plugin: 'com.baomidou.mybatisplus.extension.plugins.MybatisPlusInterceptor@39a87e72'
2023-07-04 19:19:03,035 DEBUG [main][Logger.java:49] - Registered plugin: 'com.baomidou.mybatisplus.extension.plugins.MybatisPlusInterceptor@39a87e72'
2023-07-04 19:19:03,036 DEBUG [main][Logger.java:49] - Property 'mapperLocations' was not specified.
2023-07-04 19:19:03,036 DEBUG [main][Logger.java:49] - Property 'mapperLocations' was not specified.
2023-07-04 19:19:04,242 DEBUG [main][MybatisConfiguration.java:128] - addMappedStatement: com.chenfeng.system.mapper.DictionaryMapper.insert
2023-07-04 19:19:04,242 DEBUG [main][MybatisConfiguration.java:128] - addMappedStatement: com.chenfeng.system.mapper.DictionaryMapper.insert
2023-07-04 19:19:04,246 DEBUG [main][MybatisConfiguration.java:128] - addMappedStatement: com.chenfeng.system.mapper.DictionaryMapper.delete
2023-07-04 19:19:04,246 DEBUG [main][MybatisConfiguration.java:128] - addMappedStatement: com.chenfeng.system.mapper.DictionaryMapper.delete
2023-07-04 19:19:04,248 DEBUG [main][MybatisConfiguration.java:128] - addMappedStatement: com.chenfeng.system.mapper.DictionaryMapper.deleteByMap
2023-07-04 19:19:04,248 DEBUG [main][MybatisConfiguration.java:128] - addMappedStatement: com.chenfeng.system.mapper.DictionaryMapper.deleteByMap
2023-07-04 19:19:04,261 DEBUG [main][MybatisConfiguration.java:128] - addMappedStatement: com.chenfeng.system.mapper.DictionaryMapper.deleteById
2023-07-04 19:19:04,261 DEBUG [main][MybatisConfiguration.java:128] - addMappedStatement: com.chenfeng.system.mapper.DictionaryMapper.deleteById
2023-07-04 19:19:04,262 DEBUG [main][MybatisConfiguration.java:128] - addMappedStatement: com.chenfeng.system.mapper.DictionaryMapper.deleteBatchIds
2023-07-04 19:19:04,262 DEBUG [main][MybatisConfiguration.java:128] - addMappedStatement: com.chenfeng.system.mapper.DictionaryMapper.deleteBatchIds
2023-07-04 19:19:04,265 DEBUG [main][MybatisConfiguration.java:128] - addMappedStatement: com.chenfeng.system.mapper.DictionaryMapper.update
2023-07-04 19:19:04,265 DEBUG [main][MybatisConfiguration.java:128] - addMappedStatement: com.chenfeng.system.mapper.DictionaryMapper.update
2023-07-04 19:19:04,267 DEBUG [main][MybatisConfiguration.java:128] - addMappedStatement: com.chenfeng.system.mapper.DictionaryMapper.updateById
2023-07-04 19:19:04,267 DEBUG [main][MybatisConfiguration.java:128] - addMappedStatement: com.chenfeng.system.mapper.DictionaryMapper.updateById
2023-07-04 19:19:04,268 DEBUG [main][MybatisConfiguration.java:128] - addMappedStatement: com.chenfeng.system.mapper.DictionaryMapper.selectById
2023-07-04 19:19:04,268 DEBUG [main][MybatisConfiguration.java:128] - addMappedStatement: com.chenfeng.system.mapper.DictionaryMapper.selectById
2023-07-04 19:19:04,269 DEBUG [main][MybatisConfiguration.java:128] - addMappedStatement: com.chenfeng.system.mapper.DictionaryMapper.selectBatchIds
2023-07-04 19:19:04,269 DEBUG [main][MybatisConfiguration.java:128] - addMappedStatement: com.chenfeng.system.mapper.DictionaryMapper.selectBatchIds
2023-07-04 19:19:04,270 DEBUG [main][MybatisConfiguration.java:128] - addMappedStatement: com.chenfeng.system.mapper.DictionaryMapper.selectByMap
2023-07-04 19:19:04,270 DEBUG [main][MybatisConfiguration.java:128] - addMappedStatement: com.chenfeng.system.mapper.DictionaryMapper.selectByMap
2023-07-04 19:19:04,272 DEBUG [main][MybatisConfiguration.java:128] - addMappedStatement: com.chenfeng.system.mapper.DictionaryMapper.selectOne
2023-07-04 19:19:04,272 DEBUG [main][MybatisConfiguration.java:128] - addMappedStatement: com.chenfeng.system.mapper.DictionaryMapper.selectOne
2023-07-04 19:19:04,274 DEBUG [main][MybatisConfiguration.java:128] - addMappedStatement: com.chenfeng.system.mapper.DictionaryMapper.selectCount
2023-07-04 19:19:04,274 DEBUG [main][MybatisConfiguration.java:128] - addMappedStatement: com.chenfeng.system.mapper.DictionaryMapper.selectCount
2023-07-04 19:19:04,276 DEBUG [main][MybatisConfiguration.java:128] - addMappedStatement: com.chenfeng.system.mapper.DictionaryMapper.selectMaps
2023-07-04 19:19:04,276 DEBUG [main][MybatisConfiguration.java:128] - addMappedStatement: com.chenfeng.system.mapper.DictionaryMapper.selectMaps
2023-07-04 19:19:04,278 DEBUG [main][MybatisConfiguration.java:128] - addMappedStatement: com.chenfeng.system.mapper.DictionaryMapper.selectMapsPage
2023-07-04 19:19:04,278 DEBUG [main][MybatisConfiguration.java:128] - addMappedStatement: com.chenfeng.system.mapper.DictionaryMapper.selectMapsPage
2023-07-04 19:19:04,280 DEBUG [main][MybatisConfiguration.java:128] - addMappedStatement: com.chenfeng.system.mapper.DictionaryMapper.selectObjs
2023-07-04 19:19:04,280 DEBUG [main][MybatisConfiguration.java:128] - addMappedStatement: com.chenfeng.system.mapper.DictionaryMapper.selectObjs
2023-07-04 19:19:04,281 DEBUG [main][MybatisConfiguration.java:128] - addMappedStatement: com.chenfeng.system.mapper.DictionaryMapper.selectList
2023-07-04 19:19:04,281 DEBUG [main][MybatisConfiguration.java:128] - addMappedStatement: com.chenfeng.system.mapper.DictionaryMapper.selectList
2023-07-04 19:19:04,283 DEBUG [main][MybatisConfiguration.java:128] - addMappedStatement: com.chenfeng.system.mapper.DictionaryMapper.selectPage
2023-07-04 19:19:04,283 DEBUG [main][MybatisConfiguration.java:128] - addMappedStatement: com.chenfeng.system.mapper.DictionaryMapper.selectPage
2023-07-04 19:19:04,551 INFO [main][PropertySourcedRequestMappingHandlerMapping.java:69] - Mapped URL path [/v2/api-docs] onto method [springfox.documentation.swagger2.web.Swagger2Controller#getDocumentation(String, HttpServletRequest)]
2023-07-04 19:19:04,551 INFO [main][PropertySourcedRequestMappingHandlerMapping.java:69] - Mapped URL path [/v2/api-docs] onto method [springfox.documentation.swagger2.web.Swagger2Controller#getDocumentation(String, HttpServletRequest)]
2023-07-04 19:19:04,577 DEBUG [main][ResourceBundleMessageInterpolator.java:172] - Loaded expression factory via original TCCL
2023-07-04 19:19:04,577 DEBUG [main][ResourceBundleMessageInterpolator.java:172] - Loaded expression factory via original TCCL
2023-07-04 19:19:04,579 DEBUG [main][AbstractConfigurationImpl.java:171] - Setting custom MessageInterpolator of type org.springframework.validation.beanvalidation.LocaleContextMessageInterpolator
2023-07-04 19:19:04,579 DEBUG [main][AbstractConfigurationImpl.java:171] - Setting custom MessageInterpolator of type org.springframework.validation.beanvalidation.LocaleContextMessageInterpolator
2023-07-04 19:19:04,579 DEBUG [main][AbstractConfigurationImpl.java:203] - Setting custom ConstraintValidatorFactory of type org.springframework.validation.beanvalidation.SpringConstraintValidatorFactory
2023-07-04 19:19:04,579 DEBUG [main][AbstractConfigurationImpl.java:203] - Setting custom ConstraintValidatorFactory of type org.springframework.validation.beanvalidation.SpringConstraintValidatorFactory
2023-07-04 19:19:04,580 DEBUG [main][AbstractConfigurationImpl.java:217] - Setting custom ParameterNameProvider of type org.springframework.validation.beanvalidation.LocalValidatorFactoryBean$1
2023-07-04 19:19:04,580 DEBUG [main][AbstractConfigurationImpl.java:217] - Setting custom ParameterNameProvider of type org.springframework.validation.beanvalidation.LocalValidatorFactoryBean$1
2023-07-04 19:19:04,580 DEBUG [main][ValidationXmlParser.java:120] - Trying to load META-INF/validation.xml for XML based Validator configuration.
2023-07-04 19:19:04,580 DEBUG [main][ValidationXmlParser.java:120] - Trying to load META-INF/validation.xml for XML based Validator configuration.
2023-07-04 19:19:04,581 DEBUG [main][ResourceLoaderHelper.java:53] - Trying to load META-INF/validation.xml via user class loader
2023-07-04 19:19:04,581 DEBUG [main][ResourceLoaderHelper.java:53] - Trying to load META-INF/validation.xml via user class loader
2023-07-04 19:19:04,581 DEBUG [main][ResourceLoaderHelper.java:60] - Trying to load META-INF/validation.xml via TCCL
2023-07-04 19:19:04,581 DEBUG [main][ResourceLoaderHelper.java:60] - Trying to load META-INF/validation.xml via TCCL
2023-07-04 19:19:04,581 DEBUG [main][ResourceLoaderHelper.java:66] - Trying to load META-INF/validation.xml via Hibernate Validator's class loader
2023-07-04 19:19:04,581 DEBUG [main][ResourceLoaderHelper.java:66] - Trying to load META-INF/validation.xml via Hibernate Validator's class loader
2023-07-04 19:19:04,581 DEBUG [main][ValidationXmlParser.java:127] - No META-INF/validation.xml found. Using annotation based configuration only.
2023-07-04 19:19:04,581 DEBUG [main][ValidationXmlParser.java:127] - No META-INF/validation.xml found. Using annotation based configuration only.
2023-07-04 19:19:04,582 DEBUG [main][TraversableResolvers.java:60] - Cannot find javax.persistence.Persistence on classpath. Assuming non JPA 2 environment. All properties will per default be traversable.
2023-07-04 19:19:04,582 DEBUG [main][TraversableResolvers.java:60] - Cannot find javax.persistence.Persistence on classpath. Assuming non JPA 2 environment. All properties will per default be traversable.
2023-07-04 19:19:04,582 DEBUG [main][ValidatorFactoryConfigurationHelper.java:300] - HV000252: Using org.hibernate.validator.internal.engine.DefaultPropertyNodeNameProvider as property node name provider.
2023-07-04 19:19:04,582 DEBUG [main][ValidatorFactoryConfigurationHelper.java:300] - HV000252: Using org.hibernate.validator.internal.engine.DefaultPropertyNodeNameProvider as property node name provider.
2023-07-04 19:19:04,583 DEBUG [main][ValidatorFactoryConfigurationHelper.java:375] - HV000234: Using org.springframework.validation.beanvalidation.LocaleContextMessageInterpolator as ValidatorFactory-scoped message interpolator.
2023-07-04 19:19:04,583 DEBUG [main][ValidatorFactoryConfigurationHelper.java:375] - HV000234: Using org.springframework.validation.beanvalidation.LocaleContextMessageInterpolator as ValidatorFactory-scoped message interpolator.
2023-07-04 19:19:04,583 DEBUG [main][ValidatorFactoryConfigurationHelper.java:376] - HV000234: Using org.hibernate.validator.internal.engine.resolver.TraverseAllTraversableResolver as ValidatorFactory-scoped traversable resolver.
2023-07-04 19:19:04,583 DEBUG [main][ValidatorFactoryConfigurationHelper.java:376] - HV000234: Using org.hibernate.validator.internal.engine.resolver.TraverseAllTraversableResolver as ValidatorFactory-scoped traversable resolver.
2023-07-04 19:19:04,583 DEBUG [main][ValidatorFactoryConfigurationHelper.java:377] - HV000234: Using org.hibernate.validator.internal.util.ExecutableParameterNameProvider as ValidatorFactory-scoped parameter name provider.
2023-07-04 19:19:04,583 DEBUG [main][ValidatorFactoryConfigurationHelper.java:377] - HV000234: Using org.hibernate.validator.internal.util.ExecutableParameterNameProvider as ValidatorFactory-scoped parameter name provider.
2023-07-04 19:19:04,583 DEBUG [main][ValidatorFactoryConfigurationHelper.java:378] - HV000234: Using org.hibernate.validator.internal.engine.DefaultClockProvider as ValidatorFactory-scoped clock provider.
2023-07-04 19:19:04,583 DEBUG [main][ValidatorFactoryConfigurationHelper.java:378] - HV000234: Using org.hibernate.validator.internal.engine.DefaultClockProvider as ValidatorFactory-scoped clock provider.
2023-07-04 19:19:04,583 DEBUG [main][ValidatorFactoryConfigurationHelper.java:379] - HV000234: Using org.hibernate.validator.internal.engine.scripting.DefaultScriptEvaluatorFactory as ValidatorFactory-scoped script evaluator factory.
2023-07-04 19:19:04,583 DEBUG [main][ValidatorFactoryConfigurationHelper.java:379] - HV000234: Using org.hibernate.validator.internal.engine.scripting.DefaultScriptEvaluatorFactory as ValidatorFactory-scoped script evaluator factory.
2023-07-04 19:19:04,632 INFO [main][ExecutorConfigurationSupport.java:181] - Initializing ExecutorService 'applicationTaskExecutor'
2023-07-04 19:19:04,632 INFO [main][ExecutorConfigurationSupport.java:181] - Initializing ExecutorService 'applicationTaskExecutor'
2023-07-04 19:19:04,741 INFO [main][ExecutorConfigurationSupport.java:181] - Initializing ExecutorService 'taskScheduler'
2023-07-04 19:19:04,741 INFO [main][ExecutorConfigurationSupport.java:181] - Initializing ExecutorService 'taskScheduler'
2023-07-04 19:19:04,806 INFO [main][DirectJDKLog.java:173] - Starting ProtocolHandler ["http-nio-63110"]
2023-07-04 19:19:04,806 INFO [main][DirectJDKLog.java:173] - Starting ProtocolHandler ["http-nio-63110"]
2023-07-04 19:19:04,825 INFO [main][TomcatWebServer.java:220] - Tomcat started on port(s): 63110 (http) with context path '/system'
2023-07-04 19:19:04,825 INFO [main][TomcatWebServer.java:220] - Tomcat started on port(s): 63110 (http) with context path '/system'
2023-07-04 19:19:04,826 INFO [main][DocumentationPluginsBootstrapper.java:160] - Context refreshed
2023-07-04 19:19:04,826 INFO [main][DocumentationPluginsBootstrapper.java:160] - Context refreshed
2023-07-04 19:19:04,836 INFO [main][DocumentationPluginsBootstrapper.java:163] - Found 1 custom documentation plugin(s)
2023-07-04 19:19:04,836 INFO [main][DocumentationPluginsBootstrapper.java:163] - Found 1 custom documentation plugin(s)
2023-07-04 19:19:04,872 INFO [main][ApiListingReferenceScanner.java:41] - Scanning for api listing references
2023-07-04 19:19:04,872 INFO [main][ApiListingReferenceScanner.java:41] - Scanning for api listing references
2023-07-04 19:19:04,893 INFO [main][StartupInfoLogger.java:61] - Started SystemApplication in 3.877 seconds (JVM running for 5.286)
2023-07-04 19:19:04,893 INFO [main][StartupInfoLogger.java:61] - Started SystemApplication in 3.877 seconds (JVM running for 5.286)
